# JRE version: OpenJDK Runtime Environment (11.0.13) (build 11.0.13+0-b1751.21-8125866)
# Java VM: OpenJDK 64-Bit Server VM (11.0.13+0-b1751.21-8125866, mixed mode, tiered, compressed oops, g1 gc, windows-amd64)
Heap:
 garbage-first heap   total 702464K, used 190918K [0x0000000080000000, 0x0000000100000000)
  region size 1024K, 11 young (11264K), 11 survivors (11264K)
 Metaspace       used 124362K, capacity 127764K, committed 130972K, reserved 1163264K
  class space    used 15592K, capacity 16887K, committed 18176K, reserved 1048576K
GC Heap History (20 events):
Event: 256.644 GC heap after
{Heap after GC invocations=31 (full 0):
 garbage-first heap   total 262144K, used 162520K [0x0000000080000000, 0x0000000100000000)
  region size 1024K, 7 young (7168K), 7 survivors (7168K)
 Metaspace       used 123284K, capacity 126569K, committed 129820K, reserved 1161216K
  class space    used 15533K, capacity 16780K, committed 18048K, reserved 1048576K
}
Event: 256.809 GC heap before
{Heap before GC invocations=31 (full 0):
 garbage-first heap   total 262144K, used 213720K [0x0000000080000000, 0x0000000100000000)
  region size 1024K, 57 young (58368K), 7 survivors (7168K)
 Metaspace       used 123295K, capacity 126633K, committed 130076K, reserved 1161216K
  class space    used 15533K, capacity 16780K, committed 18048K, reserved 1048576K
}
Event: 256.819 GC heap after
{Heap after GC invocations=32 (full 0):
 garbage-first heap   total 262144K, used 167826K [0x0000000080000000, 0x0000000100000000)
  region size 1024K, 5 young (5120K), 5 survivors (5120K)
 Metaspace       used 123295K, capacity 126633K, committed 130076K, reserved 1161216K
  class space    used 15533K, capacity 16780K, committed 18048K, reserved 1048576K
}
Event: 257.018 GC heap before
{Heap before GC invocations=32 (full 0):
 garbage-first heap   total 262144K, used 216978K [0x0000000080000000, 0x0000000100000000)
  region size 1024K, 53 young (54272K), 5 survivors (5120K)
 Metaspace       used 123229K, capacity 126529K, committed 130076K, reserved 1161216K
  class space    used 15504K, capacity 16726K, committed 18048K, reserved 1048576K
}
Event: 257.029 GC heap after
{Heap after GC invocations=33 (full 0):
 garbage-first heap   total 262144K, used 170438K [0x0000000080000000, 0x0000000100000000)
  region size 1024K, 3 young (3072K), 3 survivors (3072K)
 Metaspace       used 123229K, capacity 126529K, committed 130076K, reserved 1161216K
  class space    used 15504K, capacity 16726K, committed 18048K, reserved 1048576K
}
Event: 257.156 GC heap before
{Heap before GC invocations=34 (full 0):
 garbage-first heap   total 262144K, used 217542K [0x0000000080000000, 0x0000000100000000)
  region size 1024K, 50 young (51200K), 3 survivors (3072K)
 Metaspace       used 123274K, capacity 126564K, committed 130204K, reserved 1161216K
  class space    used 15510K, capacity 16759K, committed 18176K, reserved 1048576K
}
Event: 257.164 GC heap after
{Heap after GC invocations=35 (full 0):
 garbage-first heap   total 262144K, used 172004K [0x0000000080000000, 0x0000000100000000)
  region size 1024K, 5 young (5120K), 5 survivors (5120K)
 Metaspace       used 123274K, capacity 126564K, committed 130204K, reserved 1161216K
  class space    used 15510K, capacity 16759K, committed 18176K, reserved 1048576K
}
Event: 257.181 GC heap before
{Heap before GC invocations=35 (full 0):
 garbage-first heap   total 262144K, used 179172K [0x0000000080000000, 0x0000000100000000)
  region size 1024K, 12 young (12288K), 5 survivors (5120K)
 Metaspace       used 123274K, capacity 126564K, committed 130204K, reserved 1161216K
  class space    used 15510K, capacity 16759K, committed 18176K, reserved 1048576K
}
Event: 257.193 GC heap after
{Heap after GC invocations=36 (full 0):
 garbage-first heap   total 262144K, used 165624K [0x0000000080000000, 0x0000000100000000)
  region size 1024K, 1 young (1024K), 1 survivors (1024K)
 Metaspace       used 123274K, capacity 126564K, committed 130204K, reserved 1161216K
  class space    used 15510K, capacity 16759K, committed 18176K, reserved 1048576K
}
Event: 257.302 GC heap before
{Heap before GC invocations=36 (full 0):
 garbage-first heap   total 262144K, used 217848K [0x0000000080000000, 0x0000000100000000)
  region size 1024K, 53 young (54272K), 1 survivors (1024K)
 Metaspace       used 123288K, capacity 126581K, committed 130204K, reserved 1161216K
  class space    used 15513K, capacity 16765K, committed 18176K, reserved 1048576K
}
Event: 257.310 GC heap after
{Heap after GC invocations=37 (full 0):
 garbage-first heap   total 262144K, used 168561K [0x0000000080000000, 0x0000000100000000)
  region size 1024K, 4 young (4096K), 4 survivors (4096K)
 Metaspace       used 123288K, capacity 126581K, committed 130204K, reserved 1161216K
  class space    used 15513K, capacity 16765K, committed 18176K, reserved 1048576K
}
Event: 257.417 GC heap before
{Heap before GC invocations=37 (full 0):
 garbage-first heap   total 262144K, used 220785K [0x0000000080000000, 0x0000000100000000)
  region size 1024K, 55 young (56320K), 4 survivors (4096K)
 Metaspace       used 123303K, capacity 126601K, committed 130204K, reserved 1161216K
  class space    used 15517K, capacity 16772K, committed 18176K, reserved 1048576K
}
Event: 257.430 GC heap after
{Heap after GC invocations=38 (full 0):
 garbage-first heap   total 404480K, used 173320K [0x0000000080000000, 0x0000000100000000)
  region size 1024K, 7 young (7168K), 7 survivors (7168K)
 Metaspace       used 123303K, capacity 126601K, committed 130204K, reserved 1161216K
  class space    used 15517K, capacity 16772K, committed 18176K, reserved 1048576K
}
Event: 257.840 GC heap before
{Heap before GC invocations=39 (full 0):
 garbage-first heap   total 404480K, used 294152K [0x0000000080000000, 0x0000000100000000)
  region size 1024K, 125 young (128000K), 7 survivors (7168K)
 Metaspace       used 123410K, capacity 126753K, committed 130204K, reserved 1161216K
  class space    used 15520K, capacity 16777K, committed 18176K, reserved 1048576K
}
Event: 257.857 GC heap after
{Heap after GC invocations=40 (full 0):
 garbage-first heap   total 404480K, used 180634K [0x0000000080000000, 0x0000000100000000)
  region size 1024K, 15 young (15360K), 15 survivors (15360K)
 Metaspace       used 123410K, capacity 126753K, committed 130204K, reserved 1161216K
  class space    used 15520K, capacity 16777K, committed 18176K, reserved 1048576K
}
Event: 258.133 GC heap before
{Heap before GC invocations=40 (full 0):
 garbage-first heap   total 404480K, used 302490K [0x0000000080000000, 0x0000000100000000)
  region size 1024K, 134 young (137216K), 15 survivors (15360K)
 Metaspace       used 123798K, capacity 127238K, committed 130460K, reserved 1161216K
  class space    used 15585K, capacity 16875K, committed 18176K, reserved 1048576K
}
Event: 258.149 GC heap after
{Heap after GC invocations=41 (full 0):
 garbage-first heap   total 404480K, used 186145K [0x0000000080000000, 0x0000000100000000)
  region size 1024K, 13 young (13312K), 13 survivors (13312K)
 Metaspace       used 123798K, capacity 127238K, committed 130460K, reserved 1161216K
  class space    used 15585K, capacity 16875K, committed 18176K, reserved 1048576K
}
Event: 258.542 GC heap before
{Heap before GC invocations=41 (full 0):
 garbage-first heap   total 404480K, used 311073K [0x0000000080000000, 0x0000000100000000)
  region size 1024K, 135 young (138240K), 13 survivors (13312K)
 Metaspace       used 124233K, capacity 127625K, committed 130716K, reserved 1163264K
  class space    used 15591K, capacity 16885K, committed 18176K, reserved 1048576K
}
Event: 258.559 GC heap after
{Heap after GC invocations=42 (full 0):
 garbage-first heap   total 404480K, used 188888K [0x0000000080000000, 0x0000000100000000)
  region size 1024K, 9 young (9216K), 9 survivors (9216K)
 Metaspace       used 124233K, capacity 127625K, committed 130716K, reserved 1163264K
  class space    used 15591K, capacity 16885K, committed 18176K, reserved 1048576K
}
Event: 258.763 GC heap before
{Heap before GC invocations=43 (full 0):
 garbage-first heap   total 404480K, used 316888K [0x0000000080000000, 0x0000000100000000)
  region size 1024K, 135 young (138240K), 9 survivors (9216K)
 Metaspace       used 124362K, capacity 127764K, committed 130972K, reserved 1163264K
  class space    used 15592K, capacity 16887K, committed 18176K, reserved 1048576K
}

