# JRE version: OpenJDK Runtime Environment (11.0.13) (build 11.0.13+0-b1751.21-8125866)
# Java VM: OpenJDK 64-Bit Server VM (11.0.13+0-b1751.21-8125866, mixed mode, tiered, compressed oops, g1 gc, windows-amd64)
Heap:
 garbage-first heap   total 262144K, used 191922K [0x0000000080000000, 0x0000000100000000)
  region size 1024K, 81 young (82944K), 1 survivors (1024K)
 Metaspace       used 123443K, capacity 126862K, committed 127624K, reserved 1161216K
  class space    used 15418K, capacity 16733K, committed 17048K, reserved 1048576K
GC Heap History (20 events):
Event: 19.214 GC heap before
{Heap before GC invocations=16 (full 0):
 garbage-first heap   total 262144K, used 221679K [0x0000000080000000, 0x0000000100000000)
  region size 1024K, 134 young (137216K), 6 survivors (6144K)
 Metaspace       used 112768K, capacity 116251K, committed 116488K, reserved 1150976K
  class space    used 14806K, capacity 16072K, committed 16152K, reserved 1048576K
}
Event: 19.226 GC heap after
{Heap after GC invocations=17 (full 0):
 garbage-first heap   total 262144K, used 83548K [0x0000000080000000, 0x0000000100000000)
  region size 1024K, 11 young (11264K), 11 survivors (11264K)
 Metaspace       used 112768K, capacity 116251K, committed 116488K, reserved 1150976K
  class space    used 14806K, capacity 16072K, committed 16152K, reserved 1048576K
}
Event: 2410.438 GC heap before
{Heap before GC invocations=18 (full 0):
 garbage-first heap   total 262144K, used 213596K [0x0000000080000000, 0x0000000100000000)
  region size 1024K, 137 young (140288K), 11 survivors (11264K)
 Metaspace       used 115740K, capacity 119259K, committed 119432K, reserved 1153024K
  class space    used 15059K, capacity 16397K, committed 16536K, reserved 1048576K
}
Event: 2410.468 GC heap after
{Heap after GC invocations=19 (full 0):
 garbage-first heap   total 262144K, used 101251K [0x0000000080000000, 0x0000000100000000)
  region size 1024K, 18 young (18432K), 18 survivors (18432K)
 Metaspace       used 115740K, capacity 119259K, committed 119432K, reserved 1153024K
  class space    used 15059K, capacity 16397K, committed 16536K, reserved 1048576K
}
Event: 2412.983 GC heap before
{Heap before GC invocations=19 (full 0):
 garbage-first heap   total 262144K, used 219011K [0x0000000080000000, 0x0000000100000000)
  region size 1024K, 119 young (121856K), 18 survivors (18432K)
 Metaspace       used 119604K, capacity 123166K, committed 123400K, reserved 1157120K
  class space    used 15399K, capacity 16783K, committed 16920K, reserved 1048576K
}
Event: 2413.007 GC heap after
{Heap after GC invocations=20 (full 0):
 garbage-first heap   total 262144K, used 109477K [0x0000000080000000, 0x0000000100000000)
  region size 1024K, 9 young (9216K), 9 survivors (9216K)
 Metaspace       used 119604K, capacity 123166K, committed 123400K, reserved 1157120K
  class space    used 15399K, capacity 16783K, committed 16920K, reserved 1048576K
}
Event: 2431.957 GC heap before
{Heap before GC invocations=20 (full 0):
 garbage-first heap   total 262144K, used 206757K [0x0000000080000000, 0x0000000100000000)
  region size 1024K, 103 young (105472K), 9 survivors (9216K)
 Metaspace       used 120880K, capacity 124453K, committed 124680K, reserved 1157120K
  class space    used 15494K, capacity 16911K, committed 16920K, reserved 1048576K
}
Event: 2431.965 GC heap after
{Heap after GC invocations=21 (full 0):
 garbage-first heap   total 262144K, used 112673K [0x0000000080000000, 0x0000000100000000)
  region size 1024K, 4 young (4096K), 4 survivors (4096K)
 Metaspace       used 120880K, capacity 124453K, committed 124680K, reserved 1157120K
  class space    used 15494K, capacity 16911K, committed 16920K, reserved 1048576K
}
Event: 2433.173 GC heap before
{Heap before GC invocations=21 (full 0):
 garbage-first heap   total 262144K, used 210977K [0x0000000080000000, 0x0000000100000000)
  region size 1024K, 99 young (101376K), 4 survivors (4096K)
 Metaspace       used 121612K, capacity 125241K, committed 125576K, reserved 1159168K
  class space    used 15518K, capacity 16940K, committed 17048K, reserved 1048576K
}
Event: 2433.185 GC heap after
{Heap after GC invocations=22 (full 0):
 garbage-first heap   total 262144K, used 125659K [0x0000000080000000, 0x0000000100000000)
  region size 1024K, 13 young (13312K), 13 survivors (13312K)
 Metaspace       used 121612K, capacity 125241K, committed 125576K, reserved 1159168K
  class space    used 15518K, capacity 16940K, committed 17048K, reserved 1048576K
}
Event: 2433.772 GC heap before
{Heap before GC invocations=22 (full 0):
 garbage-first heap   total 262144K, used 208603K [0x0000000080000000, 0x0000000100000000)
  region size 1024K, 93 young (95232K), 13 survivors (13312K)
 Metaspace       used 122396K, capacity 126111K, committed 126344K, reserved 1159168K
  class space    used 15550K, capacity 17004K, committed 17048K, reserved 1048576K
}
Event: 2433.794 GC heap after
{Heap after GC invocations=23 (full 0):
 garbage-first heap   total 262144K, used 135573K [0x0000000080000000, 0x0000000100000000)
  region size 1024K, 11 young (11264K), 11 survivors (11264K)
 Metaspace       used 122396K, capacity 126111K, committed 126344K, reserved 1159168K
  class space    used 15550K, capacity 17004K, committed 17048K, reserved 1048576K
}
Event: 2434.155 GC heap before
{Heap before GC invocations=23 (full 0):
 garbage-first heap   total 262144K, used 174485K [0x0000000080000000, 0x0000000100000000)
  region size 1024K, 51 young (52224K), 11 survivors (11264K)
 Metaspace       used 122905K, capacity 126594K, committed 126856K, reserved 1159168K
  class space    used 15558K, capacity 17005K, committed 17048K, reserved 1048576K
}
Event: 2434.168 GC heap after
{Heap after GC invocations=24 (full 0):
 garbage-first heap   total 262144K, used 132909K [0x0000000080000000, 0x0000000100000000)
  region size 1024K, 3 young (3072K), 3 survivors (3072K)
 Metaspace       used 122905K, capacity 126594K, committed 126856K, reserved 1159168K
  class space    used 15558K, capacity 17005K, committed 17048K, reserved 1048576K
}
Event: 4083.776 GC heap before
{Heap before GC invocations=25 (full 0):
 garbage-first heap   total 262144K, used 216877K [0x0000000080000000, 0x0000000100000000)
  region size 1024K, 78 young (79872K), 3 survivors (3072K)
 Metaspace       used 122827K, capacity 126124K, committed 127112K, reserved 1159168K
  class space    used 15378K, capacity 16659K, committed 17048K, reserved 1048576K
}
Event: 4083.779 GC heap after
{Heap after GC invocations=26 (full 0):
 garbage-first heap   total 262144K, used 123619K [0x0000000080000000, 0x0000000100000000)
  region size 1024K, 1 young (1024K), 1 survivors (1024K)
 Metaspace       used 122827K, capacity 126124K, committed 127112K, reserved 1159168K
  class space    used 15378K, capacity 16659K, committed 17048K, reserved 1048576K
}
Event: 4186.993 GC heap before
{Heap before GC invocations=26 (full 0):
 garbage-first heap   total 262144K, used 133859K [0x0000000080000000, 0x0000000100000000)
  region size 1024K, 12 young (12288K), 1 survivors (1024K)
 Metaspace       used 122866K, capacity 126274K, committed 127368K, reserved 1159168K
  class space    used 15380K, capacity 16663K, committed 17048K, reserved 1048576K
}
Event: 4187.001 GC heap after
{Heap after GC invocations=27 (full 0):
 garbage-first heap   total 262144K, used 101671K [0x0000000080000000, 0x0000000100000000)
  region size 1024K, 2 young (2048K), 2 survivors (2048K)
 Metaspace       used 122866K, capacity 126274K, committed 127368K, reserved 1159168K
  class space    used 15380K, capacity 16663K, committed 17048K, reserved 1048576K
}
Event: 4187.072 GC heap before
{Heap before GC invocations=27 (full 0):
 garbage-first heap   total 262144K, used 110887K [0x0000000080000000, 0x0000000100000000)
  region size 1024K, 12 young (12288K), 2 survivors (2048K)
 Metaspace       used 122892K, capacity 126282K, committed 127368K, reserved 1159168K
  class space    used 15381K, capacity 16664K, committed 17048K, reserved 1048576K
}
Event: 4187.087 GC heap after
{Heap after GC invocations=28 (full 0):
 garbage-first heap   total 262144K, used 94642K [0x0000000080000000, 0x0000000100000000)
  region size 1024K, 1 young (1024K), 1 survivors (1024K)
 Metaspace       used 122892K, capacity 126282K, committed 127368K, reserved 1159168K
  class space    used 15381K, capacity 16664K, committed 17048K, reserved 1048576K
}

