# JRE version: OpenJDK Runtime Environment (11.0.13) (build 11.0.13+0-b1751.21-8125866)
# Java VM: OpenJDK 64-Bit Server VM (11.0.13+0-b1751.21-8125866, mixed mode, tiered, compressed oops, g1 gc, windows-amd64)
Heap:
 garbage-first heap   total 262144K, used 108113K [0x0000000080000000, 0x0000000100000000)
  region size 1024K, 21 young (21504K), 18 survivors (18432K)
 Metaspace       used 99071K, capacity 101663K, committed 101840K, reserved 1136640K
  class space    used 12955K, capacity 13917K, committed 13952K, reserved 1048576K
GC Heap History (20 events):
Event: 3.792 GC heap before
{Heap before GC invocations=3 (full 0):
 garbage-first heap   total 262144K, used 85769K [0x0000000080000000, 0x0000000100000000)
  region size 1024K, 78 young (79872K), 11 survivors (11264K)
 Metaspace       used 27489K, capacity 28107K, committed 28336K, reserved 1073152K
  class space    used 3570K, capacity 3812K, committed 3840K, reserved 1048576K
}
Event: 3.803 GC heap after
{Heap after GC invocations=4 (full 0):
 garbage-first heap   total 262144K, used 19973K [0x0000000080000000, 0x0000000100000000)
  region size 1024K, 3 young (3072K), 3 survivors (3072K)
 Metaspace       used 27489K, capacity 28107K, committed 28336K, reserved 1073152K
  class space    used 3570K, capacity 3812K, committed 3840K, reserved 1048576K
}
Event: 4.504 GC heap before
{Heap before GC invocations=4 (full 0):
 garbage-first heap   total 262144K, used 67077K [0x0000000080000000, 0x0000000100000000)
  region size 1024K, 50 young (51200K), 3 survivors (3072K)
 Metaspace       used 35037K, capacity 35763K, committed 35920K, reserved 1081344K
  class space    used 4500K, capacity 4790K, committed 4864K, reserved 1048576K
}
Event: 4.511 GC heap after
{Heap after GC invocations=5 (full 0):
 garbage-first heap   total 262144K, used 22826K [0x0000000080000000, 0x0000000100000000)
  region size 1024K, 6 young (6144K), 6 survivors (6144K)
 Metaspace       used 35037K, capacity 35763K, committed 35920K, reserved 1081344K
  class space    used 4500K, capacity 4790K, committed 4864K, reserved 1048576K
}
Event: 5.978 GC heap before
{Heap before GC invocations=6 (full 0):
 garbage-first heap   total 262144K, used 136490K [0x0000000080000000, 0x0000000100000000)
  region size 1024K, 114 young (116736K), 6 survivors (6144K)
 Metaspace       used 44540K, capacity 45616K, committed 45904K, reserved 1089536K
  class space    used 5626K, capacity 6033K, committed 6144K, reserved 1048576K
}
Event: 5.992 GC heap after
{Heap after GC invocations=7 (full 0):
 garbage-first heap   total 262144K, used 29855K [0x0000000080000000, 0x0000000100000000)
  region size 1024K, 13 young (13312K), 13 survivors (13312K)
 Metaspace       used 44540K, capacity 45616K, committed 45904K, reserved 1089536K
  class space    used 5626K, capacity 6033K, committed 6144K, reserved 1048576K
}
Event: 7.239 GC heap before
{Heap before GC invocations=7 (full 0):
 garbage-first heap   total 262144K, used 162975K [0x0000000080000000, 0x0000000100000000)
  region size 1024K, 139 young (142336K), 13 survivors (13312K)
 Metaspace       used 52732K, capacity 54036K, committed 54096K, reserved 1095680K
  class space    used 6666K, capacity 7145K, committed 7168K, reserved 1048576K
}
Event: 7.251 GC heap after
{Heap after GC invocations=8 (full 0):
 garbage-first heap   total 262144K, used 42477K [0x0000000080000000, 0x0000000100000000)
  region size 1024K, 16 young (16384K), 16 survivors (16384K)
 Metaspace       used 52732K, capacity 54036K, committed 54096K, reserved 1095680K
  class space    used 6666K, capacity 7145K, committed 7168K, reserved 1048576K
}
Event: 7.813 GC heap before
{Heap before GC invocations=8 (full 0):
 garbage-first heap   total 262144K, used 82413K [0x0000000080000000, 0x0000000100000000)
  region size 1024K, 56 young (57344K), 16 survivors (16384K)
 Metaspace       used 58678K, capacity 60131K, committed 60240K, reserved 1101824K
  class space    used 7418K, capacity 7916K, committed 7936K, reserved 1048576K
}
Event: 7.829 GC heap after
{Heap after GC invocations=9 (full 0):
 garbage-first heap   total 262144K, used 44696K [0x0000000080000000, 0x0000000100000000)
  region size 1024K, 12 young (12288K), 12 survivors (12288K)
 Metaspace       used 58678K, capacity 60131K, committed 60240K, reserved 1101824K
  class space    used 7418K, capacity 7916K, committed 7936K, reserved 1048576K
}
Event: 9.363 GC heap before
{Heap before GC invocations=10 (full 0):
 garbage-first heap   total 262144K, used 196248K [0x0000000080000000, 0x0000000100000000)
  region size 1024K, 153 young (156672K), 12 survivors (12288K)
 Metaspace       used 67929K, capacity 69566K, committed 69840K, reserved 1110016K
  class space    used 8654K, capacity 9293K, committed 9344K, reserved 1048576K
}
Event: 9.375 GC heap after
{Heap after GC invocations=11 (full 0):
 garbage-first heap   total 262144K, used 54044K [0x0000000080000000, 0x0000000100000000)
  region size 1024K, 20 young (20480K), 20 survivors (20480K)
 Metaspace       used 67929K, capacity 69566K, committed 69840K, reserved 1110016K
  class space    used 8654K, capacity 9293K, committed 9344K, reserved 1048576K
}
Event: 11.237 GC heap before
{Heap before GC invocations=11 (full 0):
 garbage-first heap   total 262144K, used 189212K [0x0000000080000000, 0x0000000100000000)
  region size 1024K, 154 young (157696K), 20 survivors (20480K)
 Metaspace       used 80967K, capacity 82970K, committed 83152K, reserved 1122304K
  class space    used 10617K, capacity 11380K, committed 11392K, reserved 1048576K
}
Event: 11.256 GC heap after
{Heap after GC invocations=12 (full 0):
 garbage-first heap   total 262144K, used 64106K [0x0000000080000000, 0x0000000100000000)
  region size 1024K, 10 young (10240K), 10 survivors (10240K)
 Metaspace       used 80967K, capacity 82970K, committed 83152K, reserved 1122304K
  class space    used 10617K, capacity 11380K, committed 11392K, reserved 1048576K
}
Event: 12.609 GC heap before
{Heap before GC invocations=12 (full 0):
 garbage-first heap   total 262144K, used 212586K [0x0000000080000000, 0x0000000100000000)
  region size 1024K, 139 young (142336K), 10 survivors (10240K)
 Metaspace       used 86847K, capacity 89081K, committed 89296K, reserved 1126400K
  class space    used 11264K, capacity 12126K, committed 12160K, reserved 1048576K
}
Event: 12.622 GC heap after
{Heap after GC invocations=13 (full 0):
 garbage-first heap   total 262144K, used 68738K [0x0000000080000000, 0x0000000100000000)
  region size 1024K, 15 young (15360K), 15 survivors (15360K)
 Metaspace       used 86847K, capacity 89081K, committed 89296K, reserved 1126400K
  class space    used 11264K, capacity 12126K, committed 12160K, reserved 1048576K
}
Event: 13.790 GC heap before
{Heap before GC invocations=13 (full 0):
 garbage-first heap   total 262144K, used 200834K [0x0000000080000000, 0x0000000100000000)
  region size 1024K, 145 young (148480K), 15 survivors (15360K)
 Metaspace       used 92762K, capacity 95067K, committed 95312K, reserved 1132544K
  class space    used 11936K, capacity 12794K, committed 12800K, reserved 1048576K
}
Event: 13.806 GC heap after
{Heap after GC invocations=14 (full 0):
 garbage-first heap   total 262144K, used 74561K [0x0000000080000000, 0x0000000100000000)
  region size 1024K, 12 young (12288K), 12 survivors (12288K)
 Metaspace       used 92762K, capacity 95067K, committed 95312K, reserved 1132544K
  class space    used 11936K, capacity 12794K, committed 12800K, reserved 1048576K
}
Event: 14.595 GC heap before
{Heap before GC invocations=14 (full 0):
 garbage-first heap   total 262144K, used 194369K [0x0000000080000000, 0x0000000100000000)
  region size 1024K, 115 young (117760K), 12 survivors (12288K)
 Metaspace       used 98284K, capacity 100840K, committed 101040K, reserved 1136640K
  class space    used 12744K, capacity 13680K, committed 13696K, reserved 1048576K
}
Event: 14.645 GC heap after
{Heap after GC invocations=15 (full 0):
 garbage-first heap   total 262144K, used 107089K [0x0000000080000000, 0x0000000100000000)
  region size 1024K, 18 young (18432K), 18 survivors (18432K)
 Metaspace       used 98284K, capacity 100840K, committed 101040K, reserved 1136640K
  class space    used 12744K, capacity 13680K, committed 13696K, reserved 1048576K
}

