# JRE version: OpenJDK Runtime Environment (11.0.13) (build 11.0.13+0-b1751.21-8125866)
# Java VM: OpenJDK 64-Bit Server VM (11.0.13+0-b1751.21-8125866, mixed mode, tiered, compressed oops, g1 gc, windows-amd64)
Heap:
 garbage-first heap   total 270336K, used 213607K [0x0000000080000000, 0x0000000100000000)
  region size 1024K, 131 young (134144K), 17 survivors (17408K)
 Metaspace       used 95849K, capacity 98515K, committed 98640K, reserved 1134592K
  class space    used 12624K, capacity 13653K, committed 13696K, reserved 1048576K
GC Heap History (20 events):
Event: 2.732 GC heap after
{Heap after GC invocations=2 (full 0):
 garbage-first heap   total 262144K, used 17132K [0x0000000080000000, 0x0000000100000000)
  region size 1024K, 11 young (11264K), 11 survivors (11264K)
 Metaspace       used 20827K, capacity 21189K, committed 21296K, reserved 1069056K
  class space    used 2531K, capacity 2688K, committed 2688K, reserved 1048576K
}
Event: 3.024 GC heap before
{Heap before GC invocations=3 (full 0):
 garbage-first heap   total 262144K, used 49900K [0x0000000080000000, 0x0000000100000000)
  region size 1024K, 43 young (44032K), 11 survivors (11264K)
 Metaspace       used 23988K, capacity 24505K, committed 24832K, reserved 1071104K
  class space    used 3041K, capacity 3221K, committed 3328K, reserved 1048576K
}
Event: 3.031 GC heap after
{Heap after GC invocations=4 (full 0):
 garbage-first heap   total 262144K, used 18666K [0x0000000080000000, 0x0000000100000000)
  region size 1024K, 2 young (2048K), 2 survivors (2048K)
 Metaspace       used 23988K, capacity 24505K, committed 24832K, reserved 1071104K
  class space    used 3041K, capacity 3221K, committed 3328K, reserved 1048576K
}
Event: 4.139 GC heap before
{Heap before GC invocations=4 (full 0):
 garbage-first heap   total 262144K, used 102634K [0x0000000080000000, 0x0000000100000000)
  region size 1024K, 85 young (87040K), 2 survivors (2048K)
 Metaspace       used 35172K, capacity 35945K, committed 36048K, reserved 1081344K
  class space    used 4517K, capacity 4808K, committed 4864K, reserved 1048576K
}
Event: 4.146 GC heap after
{Heap after GC invocations=5 (full 0):
 garbage-first heap   total 262144K, used 22552K [0x0000000080000000, 0x0000000100000000)
  region size 1024K, 6 young (6144K), 6 survivors (6144K)
 Metaspace       used 35172K, capacity 35945K, committed 36048K, reserved 1081344K
  class space    used 4517K, capacity 4808K, committed 4864K, reserved 1048576K
}
Event: 5.466 GC heap before
{Heap before GC invocations=6 (full 0):
 garbage-first heap   total 262144K, used 140312K [0x0000000080000000, 0x0000000100000000)
  region size 1024K, 118 young (120832K), 6 survivors (6144K)
 Metaspace       used 44865K, capacity 45935K, committed 46032K, reserved 1089536K
  class space    used 5681K, capacity 6075K, committed 6144K, reserved 1048576K
}
Event: 5.477 GC heap after
{Heap after GC invocations=7 (full 0):
 garbage-first heap   total 262144K, used 29639K [0x0000000080000000, 0x0000000100000000)
  region size 1024K, 13 young (13312K), 13 survivors (13312K)
 Metaspace       used 44865K, capacity 45935K, committed 46032K, reserved 1089536K
  class space    used 5681K, capacity 6075K, committed 6144K, reserved 1048576K
}
Event: 6.793 GC heap before
{Heap before GC invocations=7 (full 0):
 garbage-first heap   total 262144K, used 162759K [0x0000000080000000, 0x0000000100000000)
  region size 1024K, 139 young (142336K), 13 survivors (13312K)
 Metaspace       used 53620K, capacity 54954K, committed 55248K, reserved 1097728K
  class space    used 6802K, capacity 7322K, committed 7424K, reserved 1048576K
}
Event: 6.805 GC heap after
{Heap after GC invocations=8 (full 0):
 garbage-first heap   total 262144K, used 42589K [0x0000000080000000, 0x0000000100000000)
  region size 1024K, 16 young (16384K), 16 survivors (16384K)
 Metaspace       used 53620K, capacity 54954K, committed 55248K, reserved 1097728K
  class space    used 6802K, capacity 7322K, committed 7424K, reserved 1048576K
}
Event: 7.327 GC heap before
{Heap before GC invocations=8 (full 0):
 garbage-first heap   total 262144K, used 78429K [0x0000000080000000, 0x0000000100000000)
  region size 1024K, 52 young (53248K), 16 survivors (16384K)
 Metaspace       used 58889K, capacity 60405K, committed 60496K, reserved 1101824K
  class space    used 7463K, capacity 8028K, committed 8064K, reserved 1048576K
}
Event: 7.340 GC heap after
{Heap after GC invocations=9 (full 0):
 garbage-first heap   total 262144K, used 44151K [0x0000000080000000, 0x0000000100000000)
  region size 1024K, 11 young (11264K), 11 survivors (11264K)
 Metaspace       used 58889K, capacity 60405K, committed 60496K, reserved 1101824K
  class space    used 7463K, capacity 8028K, committed 8064K, reserved 1048576K
}
Event: 8.736 GC heap before
{Heap before GC invocations=10 (full 0):
 garbage-first heap   total 262144K, used 187511K [0x0000000080000000, 0x0000000100000000)
  region size 1024K, 144 young (147456K), 11 survivors (11264K)
 Metaspace       used 67086K, capacity 68682K, committed 68816K, reserved 1110016K
  class space    used 8507K, capacity 9147K, committed 9216K, reserved 1048576K
}
Event: 8.750 GC heap after
{Heap after GC invocations=11 (full 0):
 garbage-first heap   total 262144K, used 54629K [0x0000000080000000, 0x0000000100000000)
  region size 1024K, 13 young (13312K), 13 survivors (13312K)
 Metaspace       used 67086K, capacity 68682K, committed 68816K, reserved 1110016K
  class space    used 8507K, capacity 9147K, committed 9216K, reserved 1048576K
}
Event: 10.492 GC heap before
{Heap before GC invocations=11 (full 0):
 garbage-first heap   total 262144K, used 185701K [0x0000000080000000, 0x0000000100000000)
  region size 1024K, 141 young (144384K), 13 survivors (13312K)
 Metaspace       used 80334K, capacity 82283K, committed 82512K, reserved 1120256K
  class space    used 10558K, capacity 11293K, committed 11392K, reserved 1048576K
}
Event: 10.508 GC heap after
{Heap after GC invocations=12 (full 0):
 garbage-first heap   total 262144K, used 63055K [0x0000000080000000, 0x0000000100000000)
  region size 1024K, 9 young (9216K), 9 survivors (9216K)
 Metaspace       used 80334K, capacity 82283K, committed 82512K, reserved 1120256K
  class space    used 10558K, capacity 11293K, committed 11392K, reserved 1048576K
}
Event: 11.889 GC heap before
{Heap before GC invocations=12 (full 0):
 garbage-first heap   total 262144K, used 193103K [0x0000000080000000, 0x0000000100000000)
  region size 1024K, 137 young (140288K), 9 survivors (9216K)
 Metaspace       used 86425K, capacity 88699K, committed 89040K, reserved 1126400K
  class space    used 11295K, capacity 12164K, committed 12288K, reserved 1048576K
}
Event: 11.899 GC heap after
{Heap after GC invocations=13 (full 0):
 garbage-first heap   total 262144K, used 69063K [0x0000000080000000, 0x0000000100000000)
  region size 1024K, 15 young (15360K), 15 survivors (15360K)
 Metaspace       used 86425K, capacity 88699K, committed 89040K, reserved 1126400K
  class space    used 11295K, capacity 12164K, committed 12288K, reserved 1048576K
}
Event: 13.023 GC heap before
{Heap before GC invocations=13 (full 0):
 garbage-first heap   total 262144K, used 203207K [0x0000000080000000, 0x0000000100000000)
  region size 1024K, 142 young (145408K), 15 survivors (15360K)
 Metaspace       used 90507K, capacity 92920K, committed 93008K, reserved 1130496K
  class space    used 11739K, capacity 12670K, committed 12672K, reserved 1048576K
}
Event: 13.050 GC heap after
{Heap after GC invocations=14 (full 0):
 garbage-first heap   total 262144K, used 85607K [0x0000000080000000, 0x0000000100000000)
  region size 1024K, 18 young (18432K), 18 survivors (18432K)
 Metaspace       used 90507K, capacity 92920K, committed 93008K, reserved 1130496K
  class space    used 11739K, capacity 12670K, committed 12672K, reserved 1048576K
}
Event: 14.079 GC heap before
{Heap before GC invocations=14 (full 0):
 garbage-first heap   total 262144K, used 212583K [0x0000000080000000, 0x0000000100000000)
  region size 1024K, 132 young (135168K), 18 survivors (18432K)
 Metaspace       used 95849K, capacity 98515K, committed 98640K, reserved 1134592K
  class space    used 12624K, capacity 13653K, committed 13696K, reserved 1048576K
}

