# JRE version: OpenJDK Runtime Environment (11.0.13) (build 11.0.13+0-b1751.21-8125866)
# Java VM: OpenJDK 64-Bit Server VM (11.0.13+0-b1751.21-8125866, mixed mode, tiered, compressed oops, g1 gc, windows-amd64)
Heap:
 garbage-first heap   total 262144K, used 191475K [0x0000000080000000, 0x0000000100000000)
  region size 1024K, 55 young (56320K), 5 survivors (5120K)
 Metaspace       used 97671K, capacity 100535K, committed 100764K, reserved 1136640K
  class space    used 12925K, capacity 14020K, committed 14028K, reserved 1048576K
GC Heap History (20 events):
Event: 3.506 GC heap before
{Heap before GC invocations=3 (full 0):
 garbage-first heap   total 262144K, used 68779K [0x0000000080000000, 0x0000000100000000)
  region size 1024K, 61 young (62464K), 11 survivors (11264K)
 Metaspace       used 26135K, capacity 26744K, committed 27008K, reserved 1073152K
  class space    used 3396K, capacity 3632K, committed 3712K, reserved 1048576K
}
Event: 3.513 GC heap after
{Heap after GC invocations=4 (full 0):
 garbage-first heap   total 262144K, used 19529K [0x0000000080000000, 0x0000000100000000)
  region size 1024K, 3 young (3072K), 3 survivors (3072K)
 Metaspace       used 26135K, capacity 26744K, committed 27008K, reserved 1073152K
  class space    used 3396K, capacity 3632K, committed 3712K, reserved 1048576K
}
Event: 4.348 GC heap before
{Heap before GC invocations=4 (full 0):
 garbage-first heap   total 262144K, used 85065K [0x0000000080000000, 0x0000000100000000)
  region size 1024K, 68 young (69632K), 3 survivors (3072K)
 Metaspace       used 35190K, capacity 35978K, committed 36048K, reserved 1081344K
  class space    used 4524K, capacity 4840K, committed 4864K, reserved 1048576K
}
Event: 4.355 GC heap after
{Heap after GC invocations=5 (full 0):
 garbage-first heap   total 262144K, used 22832K [0x0000000080000000, 0x0000000100000000)
  region size 1024K, 6 young (6144K), 6 survivors (6144K)
 Metaspace       used 35190K, capacity 35978K, committed 36048K, reserved 1081344K
  class space    used 4524K, capacity 4840K, committed 4864K, reserved 1048576K
}
Event: 5.654 GC heap before
{Heap before GC invocations=6 (full 0):
 garbage-first heap   total 262144K, used 143664K [0x0000000080000000, 0x0000000100000000)
  region size 1024K, 121 young (123904K), 6 survivors (6144K)
 Metaspace       used 45087K, capacity 46159K, committed 46364K, reserved 1089536K
  class space    used 5723K, capacity 6107K, committed 6220K, reserved 1048576K
}
Event: 5.665 GC heap after
{Heap after GC invocations=7 (full 0):
 garbage-first heap   total 262144K, used 29812K [0x0000000080000000, 0x0000000100000000)
  region size 1024K, 13 young (13312K), 13 survivors (13312K)
 Metaspace       used 45087K, capacity 46159K, committed 46364K, reserved 1089536K
  class space    used 5723K, capacity 6107K, committed 6220K, reserved 1048576K
}
Event: 7.118 GC heap before
{Heap before GC invocations=7 (full 0):
 garbage-first heap   total 262144K, used 166004K [0x0000000080000000, 0x0000000100000000)
  region size 1024K, 142 young (145408K), 13 survivors (13312K)
 Metaspace       used 54564K, capacity 56090K, committed 56220K, reserved 1097728K
  class space    used 6943K, capacity 7531K, committed 7628K, reserved 1048576K
}
Event: 7.131 GC heap after
{Heap after GC invocations=8 (full 0):
 garbage-first heap   total 262144K, used 42569K [0x0000000080000000, 0x0000000100000000)
  region size 1024K, 16 young (16384K), 16 survivors (16384K)
 Metaspace       used 54564K, capacity 56090K, committed 56220K, reserved 1097728K
  class space    used 6943K, capacity 7531K, committed 7628K, reserved 1048576K
}
Event: 7.538 GC heap before
{Heap before GC invocations=8 (full 0):
 garbage-first heap   total 262144K, used 70217K [0x0000000080000000, 0x0000000100000000)
  region size 1024K, 44 young (45056K), 16 survivors (16384K)
 Metaspace       used 58849K, capacity 60407K, committed 60572K, reserved 1101824K
  class space    used 7471K, capacity 8029K, committed 8140K, reserved 1048576K
}
Event: 7.553 GC heap after
{Heap after GC invocations=9 (full 0):
 garbage-first heap   total 262144K, used 44387K [0x0000000080000000, 0x0000000100000000)
  region size 1024K, 11 young (11264K), 11 survivors (11264K)
 Metaspace       used 58849K, capacity 60407K, committed 60572K, reserved 1101824K
  class space    used 7471K, capacity 8029K, committed 8140K, reserved 1048576K
}
Event: 9.010 GC heap before
{Heap before GC invocations=10 (full 0):
 garbage-first heap   total 262144K, used 195939K [0x0000000080000000, 0x0000000100000000)
  region size 1024K, 152 young (155648K), 11 survivors (11264K)
 Metaspace       used 68106K, capacity 69874K, committed 70044K, reserved 1110016K
  class space    used 8704K, capacity 9374K, committed 9420K, reserved 1048576K
}
Event: 9.023 GC heap after
{Heap after GC invocations=11 (full 0):
 garbage-first heap   total 262144K, used 54553K [0x0000000080000000, 0x0000000100000000)
  region size 1024K, 19 young (19456K), 19 survivors (19456K)
 Metaspace       used 68106K, capacity 69874K, committed 70044K, reserved 1110016K
  class space    used 8704K, capacity 9374K, committed 9420K, reserved 1048576K
}
Event: 10.801 GC heap before
{Heap before GC invocations=11 (full 0):
 garbage-first heap   total 262144K, used 191769K [0x0000000080000000, 0x0000000100000000)
  region size 1024K, 153 young (156672K), 19 survivors (19456K)
 Metaspace       used 81200K, capacity 83240K, committed 83484K, reserved 1122304K
  class space    used 10678K, capacity 11491K, committed 11596K, reserved 1048576K
}
Event: 10.818 GC heap after
{Heap after GC invocations=12 (full 0):
 garbage-first heap   total 262144K, used 63893K [0x0000000080000000, 0x0000000100000000)
  region size 1024K, 19 young (19456K), 19 survivors (19456K)
 Metaspace       used 81200K, capacity 83240K, committed 83484K, reserved 1122304K
  class space    used 10678K, capacity 11491K, committed 11596K, reserved 1048576K
}
Event: 12.021 GC heap before
{Heap before GC invocations=12 (full 0):
 garbage-first heap   total 262144K, used 197013K [0x0000000080000000, 0x0000000100000000)
  region size 1024K, 150 young (153600K), 19 survivors (19456K)
 Metaspace       used 84458K, capacity 86878K, committed 86940K, reserved 1124352K
  class space    used 11027K, capacity 11957K, committed 11980K, reserved 1048576K
}
Event: 12.046 GC heap after
{Heap after GC invocations=13 (full 0):
 garbage-first heap   total 262144K, used 73625K [0x0000000080000000, 0x0000000100000000)
  region size 1024K, 19 young (19456K), 19 survivors (19456K)
 Metaspace       used 84458K, capacity 86878K, committed 86940K, reserved 1124352K
  class space    used 11027K, capacity 11957K, committed 11980K, reserved 1048576K
}
Event: 12.904 GC heap before
{Heap before GC invocations=13 (full 0):
 garbage-first heap   total 262144K, used 216985K [0x0000000080000000, 0x0000000100000000)
  region size 1024K, 144 young (147456K), 19 survivors (19456K)
 Metaspace       used 91605K, capacity 94039K, committed 94364K, reserved 1130496K
  class space    used 11950K, capacity 12880K, committed 13004K, reserved 1048576K
}
Event: 12.939 GC heap after
{Heap after GC invocations=14 (full 0):
 garbage-first heap   total 262144K, used 103024K [0x0000000080000000, 0x0000000100000000)
  region size 1024K, 18 young (18432K), 18 survivors (18432K)
 Metaspace       used 91605K, capacity 94039K, committed 94364K, reserved 1130496K
  class space    used 11950K, capacity 12880K, committed 13004K, reserved 1048576K
}
Event: 13.804 GC heap before
{Heap before GC invocations=14 (full 0):
 garbage-first heap   total 262144K, used 199280K [0x0000000080000000, 0x0000000100000000)
  region size 1024K, 113 young (115712K), 18 survivors (18432K)
 Metaspace       used 96455K, capacity 99168K, committed 99356K, reserved 1134592K
  class space    used 12763K, capacity 13787K, committed 13900K, reserved 1048576K
}
Event: 13.863 GC heap after
{Heap after GC invocations=15 (full 0):
 garbage-first heap   total 262144K, used 140288K [0x0000000080000000, 0x0000000100000000)
  region size 1024K, 15 young (15360K), 15 survivors (15360K)
 Metaspace       used 96455K, capacity 99168K, committed 99356K, reserved 1134592K
  class space    used 12763K, capacity 13787K, committed 13900K, reserved 1048576K
}

